...

Apply complete! Resources: 50 added, 0 changed, 0 destroyed.
[0m[0m[1m[32m
Outputs:

[0mprovisioned_identity_resources = {
  "compartments" = {
    "CMP-NETWORK-KEY" = {
      "compartment_id" = "ocid1.tenancy.oc1..aaaaaaaaxzpxexampleocid"
      "defined_tags" = tomap({
        "CCA_Basic_Tag.email" = "oracleidentitycloudservice/user@example.com"
        "Oracle_Tags.CreatedBy" = "oracleidentitycloudservice/user@example.com"
        "Oracle_Tags.CreatedOn" = "2023-07-28T11:05:18.114Z"
      })
      "description" = "oci-open-lz-customer Shared Network Compartment"
      "enable_delete" = true
      "freeform_tags" = tomap({
        "cislz-terraform-module" = "iam-compartments/0.1.3"
        "oci-open-lz" = "openlz-shared"
        "oci-open-lz-cmp" = "network"
        "oci-open-lz-customer" = "oci-open-lz-customer"
      })
      "id" = "ocid1.compartment.oc1..aaaaaaaahlcakaexampleocid"
      "inactive_state" = tostring(null)
      "is_accessible" = true
      "name" = "cmp-network"
      "state" = "ACTIVE"
      "time_created" = "2023-07-28 11:05:18.182 +0000 UTC"
      "timeouts" = null /* object */
    }
    "CMP-SECURITY-KEY" = {
      "compartment_id" = "ocid1.tenancy.oc1..aaaaaaaaxzpxexampleocid"
      "defined_tags" = tomap({
        "CCA_Basic_Tag.email" = "oracleidentitycloudservice/user@example.com"
        "Oracle_Tags.CreatedBy" = "oracleidentitycloudservice/user@example.com"
        "Oracle_Tags.CreatedOn" = "2023-07-28T11:05:18.139Z"
      })
      "description" = "oci-open-lz-customer Shared Security Compartment"
      "enable_delete" = true
      "freeform_tags" = tomap({
        "cislz-terraform-module" = "iam-compartments/0.1.3"
        "oci-open-lz" = "openlz-shared"
        "oci-open-lz-cmp" = "security"
        "oci-open-lz-customer" = "oci-open-lz-customer"
      })
      "id" = "ocid1.compartment.oc1..aaaaaaaa4stjvdaexampleocid"
      "inactive_state" = tostring(null)
      "is_accessible" = true
      "name" = "cmp-security"
      "state" = "ACTIVE"
      "time_created" = "2023-07-28 11:05:18.733 +0000 UTC"
      "timeouts" = null /* object */
    }
  }
  "dynamic_groups" = {}
  "groups" = {}
  "memberships" = {}
  "policies" = {}
}
provisioned_networking_resources = {
  "dhcp_options" = {
    "VCN-FRANKFURT-HUB-DHCP-OPTION-01-KEY" = {
      "compartment_id" = "ocid1.compartment.oc1..aaaaaaaahlcakaexampleocid"
      "defined_tags" = tomap({
        "CCA_Basic_Tag.email" = "oracleidentitycloudservice/user@example.com"
        "Oracle_Tags.CreatedBy" = "oracleidentitycloudservice/user@example.com"
        "Oracle_Tags.CreatedOn" = "2023-07-28T11:05:29.850Z"
      })
      "dhcp_options_key" = "VCN-FRANKFURT-HUB-DHCP-OPTION-01-KEY"
      "display_name" = "vcn_frankfurt_hub_dhcp_option_01"
      "domain_name_type" = "CUSTOM_DOMAIN"
      "freeform_tags" = tomap({})
      "id" = "ocid1.dhcpoptions.oc1.eu-frankfurt-1.aaaaaaaa4stjvdaaaaaaaapzqmexampleocid"
      "network_configuration_category" = "shared"
      "options" = toset([
        {
          "custom_dns_servers" = tolist([
            "192.168.0.3",
            "192.168.0.4",
          ])
          "search_domain_names" = tolist([])
          "server_type" = "CustomDnsServer"
          "type" = "DomainNameServer"
        },
        {
          "custom_dns_servers" = tolist([])
          "search_domain_names" = tolist([
            "test.com",
          ])
          "server_type" = ""
          "type" = "SearchDomain"
        },
      ])
      "state" = "AVAILABLE"
      "time_created" = "2023-07-28 11:05:29.965 +0000 UTC"
      "timeouts" = null /* object */
      "vcn_id" = "ocid1.vcn.oc1.eu-frankfurt-1.aaaaaaaaexampleocid"
      "vcn_key" = "VCN-FRANKFURT-HUB-KEY"
      "vcn_name" = "vcn_frankfurt_hub"
    }
    "VCN-FRANKFURT-HUB-DHCP-OPTION-02-KEY" = {
      "compartment_id" = "ocid1.compartment.oc1..aaaaaaaahlcakaexampleocid"
      "defined_tags" = tomap({
        "CCA_Basic_Tag.email" = "oracleidentitycloudservice/user@example.com"
        "Oracle_Tags.CreatedBy" = "oracleidentitycloudservice/user@example.com"
        "Oracle_Tags.CreatedOn" = "2023-07-28T11:05:29.796Z"
      })
      "dhcp_options_key" = "VCN-FRANKFURT-HUB-DHCP-OPTION-02-KEY"
      "display_name" = "vcn_frankfurt_hub_dhcp_option_02"
      "domain_name_type" = "CUSTOM_DOMAIN"
      "freeform_tags" = tomap({})
      "id" = "ocid1.dhcpoptions.oc1.eu-frankfurt-1.aaaaaaaaexampleocid"
      "network_configuration_category" = "shared"
      "options" = toset([
        {
          "custom_dns_servers" = tolist([
            "10.0.0.3",
            "10.0.0.4",
          ])
          "search_domain_names" = tolist([])
          "server_type" = "CustomDnsServer"
          "type" = "DomainNameServer"
        },
        {
          "custom_dns_servers" = tolist([])
          "search_domain_names" = tolist([
            "test.com",
          ])
          "server_type" = ""
          "type" = "SearchDomain"
        },
      ])
      "state" = "AVAILABLE"
      "time_created" = "2023-07-28 11:05:29.87 +0000 UTC"
      "timeouts" = null /* object */
      "vcn_id" = "ocid1.vcn.oc1.eu-frankfurt-1.aaaaaaaaexampleocid"
      "vcn_key" = "VCN-FRANKFURT-HUB-KEY"
      "vcn_name" = "vcn_frankfurt_hub"
    }
  }
  "drg_attachments" = {
    "DRG-FRANKFURT-HUB-VCN-FRANKFURT-HUB-KEY" = {
      "compartment_id" = "ocid1.compartment.oc1..aaaaaaaahlcakaexampleocid"
      "defined_tags" = tomap({})
      "display_name" = "drg_frankfurt_hub_vcn_frankfurt_hub"
      "drg_id" = "ocid1.drg.oc1.eu-frankfurt-1.aaaaaaaaexampleocid"
      "drg_name" = "drg-frankfurt-hub"
      "drg_route_table_id" = "ocid1.drgroutetable.oc1.eu-frankfurt-1.aaaaaaaaexampleocid"
      "drg_route_table_key" = "CANNOT BE DETERMINED - ROUTE TABLE CREATED OUTSIDE THIS AUTOMATION"
      "drg_route_table_name" = "CANNOT BE DETERMINED - ROUTE TABLE CREATED OUTSIDE THIS AUTOMATION"
      "drga_key" = "DRG-FRANKFURT-HUB-VCN-FRANKFURT-HUB-KEY"
      "export_drg_route_distribution_id" = tostring(null)
      "freeform_tags" = tomap({})
      "id" = "ocid1.drgattachment.oc1.eu-frankfurt-1.aaaaaaaaexampleocid"
      "is_cross_tenancy" = false
      "network_configuration_category" = "shared"
      "network_details" = tolist([
        {
          "attached_resource_key" = "VCN-FRANKFURT-HUB-KEY"
          "attached_resource_name" = "vcn_frankfurt_hub"
          "id" = "ocid1.vcn.oc1.eu-frankfurt-1.aaaaaaaaexampleocid"
          "ipsec_connection_id" = ""
          "route_table_id" = ""
          "route_table_key" = tostring(null)
          "route_table_name" = tostring(null)
          "type" = "VCN"
          "vcn_route_type" = "SUBNET_CIDRS"
        },
      ])
      "remove_export_drg_route_distribution_trigger" = tobool(null)
      "route_table_id" = tostring(null)
      "route_table_key" = tostring(null)
      "route_table_name" = tostring(null)
      "state" = "ATTACHED"
      "time_created" = "2023-07-28 11:05:45.309 +0000 UTC"
      "timeouts" = null /* object */
      "vcn_id" = "ocid1.vcn.oc1.eu-frankfurt-1.aaaaaaaaexampleocid"
      "vcn_key" = "VCN-FRANKFURT-HUB-KEY"
      "vcn_name" = "vcn_frankfurt_hub"
    }
  }
  "drg_route_distributions" = {}
  "drg_route_distributions_statements" = {}
  "drg_route_table_route_rules" = {}
  "drg_route_tables" = {}
  "dynamic_routing_gateways" = {
    "DRG-FRANKFURT-HUB-KEY" = {
      "compartment_id" = "ocid1.compartment.oc1..aaaaaaaahlcakaexampleocid"
      "default_drg_route_tables" = tolist([
        {
          "ipsec_tunnel" = "ocid1.drgroutetable.oc1.eu-frankfurt-1.aaaaaaaaexampleocid"
          "remote_peering_connection" = "ocid1.drgroutetable.oc1.eu-frankfurt-1.aaaaaaaaexampleocid"
          "vcn" = "ocid1.drgroutetable.oc1.eu-frankfurt-1.aaaaaaaaexampleocid"
          "virtual_circuit" = "ocid1.drgroutetable.oc1.eu-frankfurt-1.aaaaaaaaexampleocid"
        },
      ])
      "default_export_drg_route_distribution_id" = "ocid1.drgroutedistribution.oc1.eu-frankfurt-1.aaaaaaaaexampleocid"
      "defined_tags" = tomap({
        "CCA_Basic_Tag.email" = "oracleidentitycloudservice/user@example.com"
        "Oracle_Tags.CreatedBy" = "oracleidentitycloudservice/user@example.com"
        "Oracle_Tags.CreatedOn" = "2023-07-28T11:05:28.886Z"
      })
      "display_name" = "drg-frankfurt-hub"
      "freeform_tags" = tomap({})
      "id" = "ocid1.drg.oc1.eu-frankfurt-1.aaaaaaaaexampleocid"
      "network_configuration_category" = "shared"
      "redundancy_status" = "NOT_AVAILABLE"
      "state" = "AVAILABLE"
      "time_created" = "2023-07-28 11:05:28.92 +0000 UTC"
      "timeouts" = null /* object */
    }
  }
  "internet_gateways" = {
    "IG-FRANKFURT-HUB-KEY" = {
      "compartment_id" = "ocid1.compartment.oc1..aaaaaaaahlcakaexampleocid"
      "defined_tags" = tomap({
        "CCA_Basic_Tag.email" = "oracleidentitycloudservice/user@example.com"
        "Oracle_Tags.CreatedBy" = "oracleidentitycloudservice/user@example.com"
        "Oracle_Tags.CreatedOn" = "2023-07-28T11:05:44.372Z"
      })
      "display_name" = "ig_frankfurt_hub"
      "enabled" = true
      "freeform_tags" = tomap({})
      "id" = "ocid1.internetgateway.oc1.eu-frankfurt-1.aaaaaaaaexampleocid"
      "igw_key" = "IG-FRANKFURT-HUB-KEY"
      "network_configuration_category" = "shared"
      "route_table_id" = tostring(null)
      "route_table_key" = tostring(null)
      "route_table_name" = null
      "state" = "AVAILABLE"
      "time_created" = "2023-07-28 11:05:44.41 +0000 UTC"
      "timeouts" = null /* object */
      "vcn_id" = "ocid1.vcn.oc1.eu-frankfurt-1.aaaaaaaaexampleocid"
      "vcn_key" = "VCN-FRANKFURT-HUB-KEY"
      "vcn_name" = "vcn_frankfurt_hub"
    }
  }
  "l7_load_balancers" = {
    "l7_lb_back_ends" = {
      "SHARED-LB-BCK-END-SET-01-BE-01" = {
        "backendset_key" = "SHARED-LB-BCK-END-SET-01"
        "backendset_name" = "backend-set-01"
        "backup" = false
        "drain" = false
        "id" = "loadBalancers/ocid1.loadbalancer.oc1.eu-frankfurt-1.aaaaaaaaexampleocid/backendSets/backend-set-01/backends/10.0.2.128:80"
        "ip_address" = "10.0.2.128"
        "l7lb_id" = "ocid1.loadbalancer.oc1.eu-frankfurt-1.aaaaaaaaexampleocid"
        "l7lb_key" = "SHARED_LB_KEY"
        "l7lb_name" = "SHARED-LBaaS"
        "load_balancer_id" = "ocid1.loadbalancer.oc1.eu-frankfurt-1.aaaaaaaaexampleocid"
        "name" = "10.0.2.128:80"
        "network_configuration_category" = "shared"
        "offline" = false
        "port" = 80
        "state" = "SUCCEEDED"
        "timeouts" = null /* object */
        "weight" = 1
      }
      "SHARED-LB-BCK-END-SET-01-BE-02" = {
        "backendset_key" = "SHARED-LB-BCK-END-SET-01"
        "backendset_name" = "backend-set-01"
        "backup" = false
        "drain" = false
        "id" = "loadBalancers/ocid1.loadbalancer.oc1.eu-frankfurt-1.aaaaaaaaexampleocid/backendSets/backend-set-01/backends/10.0.2.94:80"
        "ip_address" = "10.0.2.94"
        "l7lb_id" = "ocid1.loadbalancer.oc1.eu-frankfurt-1.aaaaaaaaexampleocid"
        "l7lb_key" = "SHARED_LB_KEY"
        "l7lb_name" = "SHARED-LBaaS"
        "load_balancer_id" = "ocid1.loadbalancer.oc1.eu-frankfurt-1.aaaaaaaaexampleocid"
        "name" = "10.0.2.94:80"
        "network_configuration_category" = "shared"
        "offline" = false
        "port" = 80
        "state" = "SUCCEEDED"
        "timeouts" = null /* object */
        "weight" = 1
      }
    }
    "l7_lb_backend_sets" = {
      "SHARED-LB-BCK-END-SET-01" = {
        "backend" = toset([])
        "health_checker" = tolist([
          {
            "interval_ms" = 10000
            "is_force_plain_text" = false
            "port" = 80
            "protocol" = "HTTP"
            "response_body_regex" = ".*"
            "retries" = 3
            "return_code" = 200
            "timeout_in_millis" = 3000
            "url_path" = "/"
          },
        ])
        "id" = "loadBalancers/ocid1.loadbalancer.oc1.eu-frankfurt-1.aaaaaaaaexampleocid/backendSets/backend-set-01"
        "l7lb_backendset_key" = "SHARED-LB-BCK-END-SET-01"
        "l7lb_id" = "ocid1.loadbalancer.oc1.eu-frankfurt-1.aaaaaaaaexampleocid"
        "l7lb_key" = "SHARED_LB_KEY"
        "l7lb_name" = "SHARED-LBaaS"
        "lb_cookie_session_persistence_configuration" = tolist([
          {
            "cookie_name" = "example_cookie"
            "disable_fallback" = false
            "domain" = "Set-cookie"
            "is_http_only" = true
            "is_secure" = false
            "max_age_in_seconds" = 3600
            "path" = "/"
          },
        ])
        "load_balancer_id" = "ocid1.loadbalancer.oc1.eu-frankfurt-1.aaaaaaaaexampleocid"
        "name" = "backend-set-01"
        "network_configuration_category" = "shared"
        "policy" = "LEAST_CONNECTIONS"
        "session_persistence_configuration" = tolist([])
        "ssl_configuration" = tolist([])
        "state" = "SUCCEEDED"
        "timeouts" = null /* object */
      }
    }
    "l7_lb_certificates" = {
      "LB-SHARED-CERT-1-KEY" = {
        "ca_certificate" = "~/certs/ca.crt"
        "certificate_name" = "lb1-cert1"
        "id" = "loadBalancers/ocid1.loadbalancer.oc1.eu-frankfurt-1.aaaaaaaaexampleocid/certificates/lb1-cert1"
        "l7lb_certificate_key" = "LB-SHARED-CERT-1-KEY"
        "l7lb_id" = "ocid1.loadbalancer.oc1.eu-frankfurt-1.aaaaaaaaexampleocid"
        "l7lb_key" = "SHARED_LB_KEY"
        "l7lb_name" = "SHARED-LBaaS"
        "load_balancer_id" = "ocid1.loadbalancer.oc1.eu-frankfurt-1.aaaaaaaaexampleocid"
        "network_configuration_category" = "shared"
        "passphrase" = tostring(null)
        "private_key" = "~/certs/my_cert.key"
        "public_certificate" = "~/certs/my_cert.crt"
        "state" = "SUCCEEDED"
        "timeouts" = null /* object */
      }
    }
    "l7_lb_cipher_suites" = {
      "SHARED-LB-CIPHER-SUITE-01-KEY" = {
        "ciphers" = tolist([
          "ECDHE-RSA-AES256-GCM-SHA384",
          "ECDHE-ECDSA-AES256-GCM-SHA384",
          "ECDHE-RSA-AES128-GCM-SHA256",
        ])
        "id" = "loadBalancers/ocid1.loadbalancer.oc1.eu-frankfurt-1.aaaaaaaaexampleocid/sslCipherSuites/cipher_suite_01"
        "l7lb_cs_key" = "SHARED-LB-CIPHER-SUITE-01-KEY"
        "l7lb_id" = "ocid1.loadbalancer.oc1.eu-frankfurt-1.aaaaaaaaexampleocid"
        "l7lb_key" = "SHARED_LB_KEY"
        "l7lb_name" = "SHARED-LBaaS"
        "load_balancer_id" = "ocid1.loadbalancer.oc1.eu-frankfurt-1.aaaaaaaaexampleocid"
        "name" = "cipher_suite_01"
        "network_configuration_category" = "shared"
        "state" = "SUCCEEDED"
        "timeouts" = null /* object */
      }
    }
    "l7_lb_hostnames" = {
      "LB1-HOSTNAME-1-KEY" = {
        "hostname" = "oe01.com"
        "id" = "loadBalancers/ocid1.loadbalancer.oc1.eu-frankfurt-1.aaaaaaaaexampleocid/hostnames/oe01"
        "l7lb_hostname_key" = "LB1-HOSTNAME-1-KEY"
        "l7lb_id" = "ocid1.loadbalancer.oc1.eu-frankfurt-1.aaaaaaaaexampleocid"
        "l7lb_key" = "SHARED_LB_KEY"
        "l7lb_name" = "SHARED-LBaaS"
        "load_balancer_id" = "ocid1.loadbalancer.oc1.eu-frankfurt-1.aaaaaaaaexampleocid"
        "name" = "oe01"
        "network_configuration_category" = "shared"
        "state" = "SUCCEEDED"
        "timeouts" = null /* object */
      }
      "LB1-HOSTNAME-2-KEY" = {
        "hostname" = "oe02.com"
        "id" = "loadBalancers/ocid1.loadbalancer.oc1.eu-frankfurt-1.aaaaaaaaexampleocid/hostnames/oe02"
        "l7lb_hostname_key" = "LB1-HOSTNAME-2-KEY"
        "l7lb_id" = "ocid1.loadbalancer.oc1.eu-frankfurt-1.aaaaaaaaexampleocid"
        "l7lb_key" = "SHARED_LB_KEY"
        "l7lb_name" = "SHARED-LBaaS"
        "load_balancer_id" = "ocid1.loadbalancer.oc1.eu-frankfurt-1.aaaaaaaaexampleocid"
        "name" = "oe02"
        "network_configuration_category" = "shared"
        "state" = "SUCCEEDED"
        "timeouts" = null /* object */
      }
    }
    "l7_lb_listeners" = {
      "LB1-LSNR-1-80" = {
        "connection_configuration" = tolist([
          {
            "backend_tcp_proxy_protocol_version" = 0
            "idle_timeout_in_seconds" = "1200"
          },
        ])
        "default_backend_set_name" = "backend-set-01"
        "hostname_names" = tolist([])
        "id" = "loadBalancers/ocid1.loadbalancer.oc1.eu-frankfurt-1.aaaaaaaaexampleocid/listeners/lb1-lsnr1-80"
        "l7lb_id" = "ocid1.loadbalancer.oc1.eu-frankfurt-1.aaaaaaaaexampleocid"
        "l7lb_key" = "SHARED_LB_KEY"
        "l7lb_listener_key" = "LB1-LSNR-1-80"
        "l7lb_name" = "SHARED-LBaaS"
        "load_balancer_id" = "ocid1.loadbalancer.oc1.eu-frankfurt-1.aaaaaaaaexampleocid"
        "name" = "lb1-lsnr1-80"
        "network_configuration_category" = "shared"
        "path_route_set_name" = tostring(null)
        "port" = 80
        "protocol" = "HTTP"
        "routing_policy_name" = tostring(null)
        "rule_set_names" = tolist([])
        "ssl_configuration" = tolist([])
        "state" = "SUCCEEDED"
        "timeouts" = null /* object */
      }
      "LB1-LSNR-2-443" = {
        "connection_configuration" = tolist([
          {
            "backend_tcp_proxy_protocol_version" = 0
            "idle_timeout_in_seconds" = "1200"
          },
        ])
        "default_backend_set_name" = "backend-set-01"
        "hostname_names" = tolist([
          "oe01",
          "oe02",
        ])
        "id" = "loadBalancers/ocid1.loadbalancer.oc1.eu-frankfurt-1.aaaaaaaaexampleocid/listeners/lb1-lsnr2-443"
        "l7lb_id" = "ocid1.loadbalancer.oc1.eu-frankfurt-1.aaaaaaaaexampleocid"
        "l7lb_key" = "SHARED_LB_KEY"
        "l7lb_listener_key" = "LB1-LSNR-2-443"
        "l7lb_name" = "SHARED-LBaaS"
        "load_balancer_id" = "ocid1.loadbalancer.oc1.eu-frankfurt-1.aaaaaaaaexampleocid"
        "name" = "lb1-lsnr2-443"
        "network_configuration_category" = "shared"
        "path_route_set_name" = "path_route_set_01"
        "port" = 443
        "protocol" = "HTTP"
        "routing_policy_name" = tostring(null)
        "rule_set_names" = tolist([
          "example_rule_set",
        ])
        "ssl_configuration" = tolist([
          {
            "certificate_ids" = tolist(null) /* of string */
            "certificate_name" = "lb1-cert1"
            "cipher_suite_name" = "oci-default-ssl-cipher-suite-v1"
            "protocols" = tolist([
              "TLSv1.2",
            ])
            "server_order_preference" = "ENABLED"
            "trusted_certificate_authority_ids" = tolist(null) /* of string */
            "verify_depth" = 3
            "verify_peer_certificate" = false
          },
        ])
        "state" = "SUCCEEDED"
        "timeouts" = null /* object */
      }
    }
    "l7_lb_path_route_sets" = {
      "EXMPL_01_PATH_ROUTE_SET_01_KEY" = {
        "id" = "loadBalancers/ocid1.loadbalancer.oc1.eu-frankfurt-1.aaaaaaaaexampleocid/pathRouteSets/path_route_set_01"
        "l7lb_id" = "ocid1.loadbalancer.oc1.eu-frankfurt-1.aaaaaaaaexampleocid"
        "l7lb_key" = "SHARED_LB_KEY"
        "l7lb_name" = "SHARED-LBaaS"
        "l7lb_prs_key" = "EXMPL_01_PATH_ROUTE_SET_01_KEY"
        "load_balancer_id" = "ocid1.loadbalancer.oc1.eu-frankfurt-1.aaaaaaaaexampleocid"
        "name" = "path_route_set_01"
        "network_configuration_category" = "shared"
        "path_routes" = tolist([
          {
            "backend_set_name" = "backend-set-01"
            "path" = "/example/video/123"
            "path_match_type" = tolist([
              {
                "match_type" = "EXACT_MATCH"
              },
            ])
          },
          {
            "backend_set_name" = "backend-set-01"
            "path" = "/"
            "path_match_type" = tolist([
              {
                "match_type" = "EXACT_MATCH"
              },
            ])
          },
        ])
        "state" = "SUCCEEDED"
        "timeouts" = null /* object */
      }
    }
    "l7_lb_routing_policies" = {}
    "l7_lb_rule_sets" = {
      "LB1-RULE-SET-1-KEY" = {
        "id" = "loadBalancers/ocid1.loadbalancer.oc1.eu-frankfurt-1.aaaaaaaaexampleocid/ruleSets/example_rule_set"
        "items" = toset([
          {
            "action" = "ADD_HTTP_REQUEST_HEADER"
            "allowed_methods" = toset([])
            "are_invalid_characters_allowed" = false
            "conditions" = tolist([])
            "description" = ""
            "header" = "example_header_name"
            "http_large_header_size_in_kb" = 0
            "prefix" = ""
            "redirect_uri" = tolist([])
            "response_code" = 0
            "status_code" = 0
            "suffix" = ""
            "value" = "example_value"
          },
          {
            "action" = "EXTEND_HTTP_REQUEST_HEADER_VALUE"
            "allowed_methods" = toset([])
            "are_invalid_characters_allowed" = false
            "conditions" = tolist([])
            "description" = ""
            "header" = "example_header_name2"
            "http_large_header_size_in_kb" = 0
            "prefix" = "example_prefix_value"
            "redirect_uri" = tolist([])
            "response_code" = 0
            "status_code" = 0
            "suffix" = "example_suffix_value"
            "value" = ""
          },
        ])
        "l7lb_id" = "ocid1.loadbalancer.oc1.eu-frankfurt-1.aaaaaaaaexampleocid"
        "l7lb_key" = "SHARED_LB_KEY"
        "l7lb_name" = "SHARED-LBaaS"
        "l7lb_rule_set_key" = "LB1-RULE-SET-1-KEY"
        "load_balancer_id" = "ocid1.loadbalancer.oc1.eu-frankfurt-1.aaaaaaaaexampleocid"
        "name" = "example_rule_set"
        "network_configuration_category" = "shared"
        "state" = "SUCCEEDED"
        "timeouts" = null /* object */
      }
    }
    "l7_load_balancers" = {
      "SHARED_LB_KEY" = {
        "compartment_id" = "ocid1.compartment.oc1..aaaaaaaahlcakaexampleocid"
        "defined_tags" = tomap({
          "CCA_Basic_Tag.email" = "oracleidentitycloudservice/user@example.com"
          "Oracle_Tags.CreatedBy" = "oracleidentitycloudservice/user@example.com"
          "Oracle_Tags.CreatedOn" = "2023-07-28T11:06:31.022Z"
        })
        "display_name" = "SHARED-LBaaS"
        "freeform_tags" = tomap({})
        "id" = "ocid1.loadbalancer.oc1.eu-frankfurt-1.aaaaaaaaexampleocid"
        "ip_mode" = "IPV4"
        "is_private" = true
        "network_configuration_category" = "shared"
        "network_security_group_ids" = toset([
          "ocid1.networksecuritygroup.oc1.eu-frankfurt-1.aaaaaaaaexampleocid",
        ])
        "network_security_groups" = {
          "ocid1.networksecuritygroup.oc1.eu-frankfurt-1.aaaaaaaaexampleocid" = {
            "display_name" = "networksecuritygroup20230728110529"
            "nsg_id" = "ocid1.networksecuritygroup.oc1.eu-frankfurt-1.aaaaaaaaexampleocid"
            "nsg_key" = "NSG-02-HUB-VCN-KEY"
          }
        }
        "reserved_ips" = tolist([])
        "reserved_public_ips" = {}
        "shape" = "flexible"
        "shape_details" = tolist([
          {
            "maximum_bandwidth_in_mbps" = 100
            "minimum_bandwidth_in_mbps" = 10
          },
        ])
        "subnet_ids" = tolist([
          "ocid1.subnet.oc1.eu-frankfurt-1.aaaaaaaaexampleocid",
        ])
        "subnets" = {
          "ocid1.subnet.oc1.eu-frankfurt-1.aaaaaaaaexampleocid" = {
            "display_name" = "sn_frankfurt_hub_lb"
            "subnet_id" = "ocid1.subnet.oc1.eu-frankfurt-1.aaaaaaaaexampleocid"
            "subnet_key" = "SN-FRANKFURT-HUB-LB-KEY"
            "vcn_id" = "ocid1.vcn.oc1.eu-frankfurt-1.aaaaaaaaexampleocid"
            "vcn_key" = "VCN-FRANKFURT-HUB-KEY"
            "vcn_name" = "vcn_frankfurt_hub"
          }
        }
      }
    }
  }
  "local_peering_gateways" = {}
  "nat_gateways" = {}
  "network_security_groups" = {
    "NSG-01-HUB-VCN-KEY" = {
      "compartment_id" = "ocid1.compartment.oc1..aaaaaaaahlcakaexampleocid"
      "defined_tags" = tomap({
        "CCA_Basic_Tag.email" = "oracleidentitycloudservice/user@example.com"
        "Oracle_Tags.CreatedBy" = "oracleidentitycloudservice/user@example.com"
        "Oracle_Tags.CreatedOn" = "2023-07-28T11:05:29.582Z"
      })
      "display_name" = "networksecuritygroup20230728110529"
      "freeform_tags" = tomap({})
      "id" = "ocid1.networksecuritygroup.oc1.eu-frankfurt-1.aaaaaaaaexampleocid"
      "network_configuration_category" = "shared"
      "nsg_key" = "NSG-01-HUB-VCN-KEY"
      "state" = "AVAILABLE"
      "time_created" = "2023-07-28 11:05:29.761 +0000 UTC"
      "timeouts" = null /* object */
      "vcn_id" = "ocid1.vcn.oc1.eu-frankfurt-1.aaaaaaaaexampleocid"
      "vcn_key" = "VCN-FRANKFURT-HUB-KEY"
      "vcn_name" = "vcn_frankfurt_hub"
    }
    "NSG-02-HUB-VCN-KEY" = {
      "compartment_id" = "ocid1.compartment.oc1..aaaaaaaahlcakaexampleocid"
      "defined_tags" = tomap({
        "CCA_Basic_Tag.email" = "oracleidentitycloudservice/user@example.com"
        "Oracle_Tags.CreatedBy" = "oracleidentitycloudservice/user@example.com"
        "Oracle_Tags.CreatedOn" = "2023-07-28T11:05:29.824Z"
      })
      "display_name" = "networksecuritygroup20230728110529"
      "freeform_tags" = tomap({})
      "id" = "ocid1.networksecuritygroup.oc1.eu-frankfurt-1.aaaaaaaaexampleocid"
      "network_configuration_category" = "shared"
      "nsg_key" = "NSG-02-HUB-VCN-KEY"
      "state" = "AVAILABLE"
      "time_created" = "2023-07-28 11:05:29.942 +0000 UTC"
      "timeouts" = null /* object */
      "vcn_id" = "ocid1.vcn.oc1.eu-frankfurt-1.aaaaaaaaexampleocid"
      "vcn_key" = "VCN-FRANKFURT-HUB-KEY"
      "vcn_name" = "vcn_frankfurt_hub"
    }
    "NSG-03-HUB-VCN-KEY" = {
      "compartment_id" = "ocid1.compartment.oc1..aaaaaaaahlcakaexampleocid"
      "defined_tags" = tomap({
        "CCA_Basic_Tag.email" = "oracleidentitycloudservice/user@example.com"
        "Oracle_Tags.CreatedBy" = "oracleidentitycloudservice/user@example.com"
        "Oracle_Tags.CreatedOn" = "2023-07-28T11:05:29.818Z"
      })
      "display_name" = "networksecuritygroup20230728110529"
      "freeform_tags" = tomap({})
      "id" = "ocid1.networksecuritygroup.oc1.eu-frankfurt-1.aaaaaaaaexampleocid"
      "network_configuration_category" = "shared"
      "nsg_key" = "NSG-03-HUB-VCN-KEY"
      "state" = "AVAILABLE"
      "time_created" = "2023-07-28 11:05:29.96 +0000 UTC"
      "timeouts" = null /* object */
      "vcn_id" = "ocid1.vcn.oc1.eu-frankfurt-1.aaaaaaaaexampleocid"
      "vcn_key" = "VCN-FRANKFURT-HUB-KEY"
      "vcn_name" = "vcn_frankfurt_hub"
    }
  }
  "network_security_groups_egress_rules" = {
    "NSG-01-HUB-VCN-KEY.anywhere" = {
      "description" = "egress to 0.0.0.0/0 over TCP"
      "destination" = "0.0.0.0/0"
      "destination_type" = "CIDR_BLOCK"
      "direction" = "EGRESS"
      "icmp_options" = tolist([])
      "id" = "42A189"
      "is_valid" = true
      "network_configuration_category" = "shared"
      "network_security_group_id" = "ocid1.networksecuritygroup.oc1.eu-frankfurt-1.aaaaaaaaexampleocid"
      "network_security_group_key" = "NSG-01-HUB-VCN-KEY"
      "network_security_group_name" = "networksecuritygroup20230728110529"
      "protocol" = "6"
      "source" = tostring(null)
      "source_type" = ""
      "stateless" = false
      "tcp_options" = tolist([
        {
          "destination_port_range" = tolist([])
          "source_port_range" = tolist([])
        },
      ])
      "time_created" = "2023-07-28 11:05:30.539 +0000 UTC"
      "timeouts" = null /* object */
      "udp_options" = tolist([])
      "vcn_key" = "VCN-FRANKFURT-HUB-KEY"
      "vcn_name" = "vcn_frankfurt_hub"
    }
    "NSG-02-HUB-VCN-KEY.anywhere" = {
      "description" = "egress to 0.0.0.0/0 over TCP"
      "destination" = "0.0.0.0/0"
      "destination_type" = "CIDR_BLOCK"
      "direction" = "EGRESS"
      "icmp_options" = tolist([])
      "id" = "FB0B78"
      "is_valid" = true
      "network_configuration_category" = "shared"
      "network_security_group_id" = "ocid1.networksecuritygroup.oc1.eu-frankfurt-1.aaaaaaaaexampleocid"
      "network_security_group_key" = "NSG-02-HUB-VCN-KEY"
      "network_security_group_name" = "networksecuritygroup20230728110529"
      "protocol" = "6"
      "source" = tostring(null)
      "source_type" = ""
      "stateless" = false
      "tcp_options" = tolist([
        {
          "destination_port_range" = tolist([])
          "source_port_range" = tolist([])
        },
      ])
      "time_created" = "2023-07-28 11:05:30.752 +0000 UTC"
      "timeouts" = null /* object */
      "udp_options" = tolist([])
      "vcn_key" = "VCN-FRANKFURT-HUB-KEY"
      "vcn_name" = "vcn_frankfurt_hub"
    }
    "NSG-03-HUB-VCN-KEY.anywhere" = {
      "description" = "egress to 0.0.0.0/0 over TCP"
      "destination" = "0.0.0.0/0"
      "destination_type" = "CIDR_BLOCK"
      "direction" = "EGRESS"
      "icmp_options" = tolist([])
      "id" = "076054"
      "is_valid" = true
      "network_configuration_category" = "shared"
      "network_security_group_id" = "ocid1.networksecuritygroup.oc1.eu-frankfurt-1.aaaaaaaaexampleocid"
      "network_security_group_key" = "NSG-03-HUB-VCN-KEY"
      "network_security_group_name" = "networksecuritygroup20230728110529"
      "protocol" = "6"
      "source" = tostring(null)
      "source_type" = ""
      "stateless" = false
      "tcp_options" = tolist([
        {
          "destination_port_range" = tolist([])
          "source_port_range" = tolist([])
        },
      ])
      "time_created" = "2023-07-28 11:05:30.657 +0000 UTC"
      "timeouts" = null /* object */
      "udp_options" = tolist([])
      "vcn_key" = "VCN-FRANKFURT-HUB-KEY"
      "vcn_name" = "vcn_frankfurt_hub"
    }
  }
  "network_security_groups_ingress_rules" = {
    "NSG-01-HUB-VCN-KEY.ssh_22" = {
      "description" = "ingress from 0.0.0.0/0 over TCP22"
      "destination" = tostring(null)
      "destination_type" = ""
      "direction" = "INGRESS"
      "icmp_options" = tolist([])
      "id" = "BB832F"
      "is_valid" = true
      "network_configuration_category" = "shared"
      "network_security_group_id" = "ocid1.networksecuritygroup.oc1.eu-frankfurt-1.aaaaaaaaexampleocid"
      "network_security_group_key" = "NSG-01-HUB-VCN-KEY"
      "network_security_group_name" = "networksecuritygroup20230728110529"
      "protocol" = "6"
      "source" = "0.0.0.0/0"
      "source_type" = "CIDR_BLOCK"
      "stateless" = false
      "tcp_options" = tolist([
        {
          "destination_port_range" = tolist([
            {
              "max" = 22
              "min" = 22
            },
          ])
          "source_port_range" = tolist([])
        },
      ])
      "time_created" = "2023-07-28 11:05:30.842 +0000 UTC"
      "timeouts" = null /* object */
      "udp_options" = tolist([])
      "vcn_key" = "VCN-FRANKFURT-HUB-KEY"
      "vcn_name" = "vcn_frankfurt_hub"
    }
    "NSG-02-HUB-VCN-KEY.http_80" = {
      "description" = "ingress from 0.0.0.0/0 over HTTP8080"
      "destination" = tostring(null)
      "destination_type" = ""
      "direction" = "INGRESS"
      "icmp_options" = tolist([])
      "id" = "9C51CF"
      "is_valid" = true
      "network_configuration_category" = "shared"
      "network_security_group_id" = "ocid1.networksecuritygroup.oc1.eu-frankfurt-1.aaaaaaaaexampleocid"
      "network_security_group_key" = "NSG-02-HUB-VCN-KEY"
      "network_security_group_name" = "networksecuritygroup20230728110529"
      "protocol" = "6"
      "source" = "0.0.0.0/0"
      "source_type" = "CIDR_BLOCK"
      "stateless" = false
      "tcp_options" = tolist([
        {
          "destination_port_range" = tolist([
            {
              "max" = 80
              "min" = 80
            },
          ])
          "source_port_range" = tolist([])
        },
      ])
      "time_created" = "2023-07-28 11:05:30.582 +0000 UTC"
      "timeouts" = null /* object */
      "udp_options" = tolist([])
      "vcn_key" = "VCN-FRANKFURT-HUB-KEY"
      "vcn_name" = "vcn_frankfurt_hub"
    }
    "NSG-02-HUB-VCN-KEY.https_443" = {
      "description" = "ingress from 0.0.0.0/0 over HTTPs443"
      "destination" = tostring(null)
      "destination_type" = ""
      "direction" = "INGRESS"
      "icmp_options" = tolist([])
      "id" = "E69992"
      "is_valid" = true
      "network_configuration_category" = "shared"
      "network_security_group_id" = "ocid1.networksecuritygroup.oc1.eu-frankfurt-1.aaaaaaaaexampleocid"
      "network_security_group_key" = "NSG-02-HUB-VCN-KEY"
      "network_security_group_name" = "networksecuritygroup20230728110529"
      "protocol" = "6"
      "source" = "0.0.0.0/0"
      "source_type" = "CIDR_BLOCK"
      "stateless" = false
      "tcp_options" = tolist([
        {
          "destination_port_range" = tolist([
            {
              "max" = 443
              "min" = 443
            },
          ])
          "source_port_range" = tolist([])
        },
      ])
      "time_created" = "2023-07-28 11:05:30.956 +0000 UTC"
      "timeouts" = null /* object */
      "udp_options" = tolist([])
      "vcn_key" = "VCN-FRANKFURT-HUB-KEY"
      "vcn_name" = "vcn_frankfurt_hub"
    }
    "NSG-02-HUB-VCN-KEY.ssh_22" = {
      "description" = "ingress from 0.0.0.0/0 over TCP22"
      "destination" = tostring(null)
      "destination_type" = ""
      "direction" = "INGRESS"
      "icmp_options" = tolist([])
      "id" = "4400B6"
      "is_valid" = true
      "network_configuration_category" = "shared"
      "network_security_group_id" = "ocid1.networksecuritygroup.oc1.eu-frankfurt-1.aaaaaaaaexampleocid"
      "network_security_group_key" = "NSG-02-HUB-VCN-KEY"
      "network_security_group_name" = "networksecuritygroup20230728110529"
      "protocol" = "6"
      "source" = "0.0.0.0/0"
      "source_type" = "CIDR_BLOCK"
      "stateless" = false
      "tcp_options" = tolist([
        {
          "destination_port_range" = tolist([
            {
              "max" = 22
              "min" = 22
            },
          ])
          "source_port_range" = tolist([])
        },
      ])
      "time_created" = "2023-07-28 11:05:30.669 +0000 UTC"
      "timeouts" = null /* object */
      "udp_options" = tolist([])
      "vcn_key" = "VCN-FRANKFURT-HUB-KEY"
      "vcn_name" = "vcn_frankfurt_hub"
    }
    "NSG-03-HUB-VCN-KEY.http_8080" = {
      "description" = "ingress from 0.0.0.0/0 over HTTP8080"
      "destination" = tostring(null)
      "destination_type" = ""
      "direction" = "INGRESS"
      "icmp_options" = tolist([])
      "id" = "3BF2CA"
      "is_valid" = true
      "network_configuration_category" = "shared"
      "network_security_group_id" = "ocid1.networksecuritygroup.oc1.eu-frankfurt-1.aaaaaaaaexampleocid"
      "network_security_group_key" = "NSG-03-HUB-VCN-KEY"
      "network_security_group_name" = "networksecuritygroup20230728110529"
      "protocol" = "6"
      "source" = "0.0.0.0/0"
      "source_type" = "CIDR_BLOCK"
      "stateless" = false
      "tcp_options" = tolist([
        {
          "destination_port_range" = tolist([
            {
              "max" = 80
              "min" = 80
            },
          ])
          "source_port_range" = tolist([])
        },
      ])
      "time_created" = "2023-07-28 11:05:30.912 +0000 UTC"
      "timeouts" = null /* object */
      "udp_options" = tolist([])
      "vcn_key" = "VCN-FRANKFURT-HUB-KEY"
      "vcn_name" = "vcn_frankfurt_hub"
    }
    "NSG-03-HUB-VCN-KEY.ssh_22" = {
      "description" = "ingress from 0.0.0.0/0 over TCP22"
      "destination" = tostring(null)
      "destination_type" = ""
      "direction" = "INGRESS"
      "icmp_options" = tolist([])
      "id" = "811797"
      "is_valid" = true
      "network_configuration_category" = "shared"
      "network_security_group_id" = "ocid1.networksecuritygroup.oc1.eu-frankfurt-1.aaaaaaaaexampleocid"
      "network_security_group_key" = "NSG-03-HUB-VCN-KEY"
      "network_security_group_name" = "networksecuritygroup20230728110529"
      "protocol" = "6"
      "source" = "0.0.0.0/0"
      "source_type" = "CIDR_BLOCK"
      "stateless" = false
      "tcp_options" = tolist([
        {
          "destination_port_range" = tolist([
            {
              "max" = 22
              "min" = 22
            },
          ])
          "source_port_range" = tolist([])
        },
      ])
      "time_created" = "2023-07-28 11:05:30.803 +0000 UTC"
      "timeouts" = null /* object */
      "udp_options" = tolist([])
      "vcn_key" = "VCN-FRANKFURT-HUB-KEY"
      "vcn_name" = "vcn_frankfurt_hub"
    }
  }
  "oci_network_firewall_network_firewall_policies" = {}
  "oci_network_firewall_network_firewalls" = {}
  "public_ips" = {
    "SHARED-IP-LB-SHARED-KEY" = {
      "assigned_entity_id" = tostring(null)
      "assigned_entity_type" = ""
      "availability_domain" = tostring(null)
      "compartment_id" = "ocid1.compartment.oc1..aaaaaaaahlcakaexampleocid"
      "defined_tags" = tomap({
        "CCA_Basic_Tag.email" = "oracleidentitycloudservice/user@example.com"
        "Oracle_Tags.CreatedBy" = "oracleidentitycloudservice/user@example.com"
        "Oracle_Tags.CreatedOn" = "2023-07-28T11:05:28.739Z"
      })
      "display_name" = "prod_ip_lb_1"
      "freeform_tags" = tomap({})
      "id" = "ocid1.publicip.oc1.eu-frankfurt-1.aaaaaaaaexampleocid"
      "ip_address" = "141.144.252.207"
      "lifetime" = "RESERVED"
      "network_configuration_category" = "shared"
      "private_ip_id" = tostring(null)
      "pubips_key" = "SHARED-IP-LB-SHARED-KEY"
      "public_ip_pool_id" = tostring(null)
      "public_ip_pool_key" = "NOT DETERMINED AS NOT CREATED BY THIS AUTOMATION"
      "scope" = "REGION"
      "state" = "AVAILABLE"
      "time_created" = "2023-07-28 11:05:28.924 +0000 UTC"
    }
  }
  "public_ips_pools" = {}
  "remote_peering_connections" = {}
  "route_tables" = {
    "DEFAULT_ROUTE_TABLE_FOR_VCN_FRANKFURT_HUB-KEY" = {
      "compartment_id" = "ocid1.compartment.oc1..aaaaaaaahlcakaexampleocid"
      "defined_tags" = tomap({
        "CCA_Basic_Tag.email" = "oracleidentitycloudservice/user@example.com"
        "Oracle_Tags.CreatedBy" = "oracleidentitycloudservice/user@example.com"
        "Oracle_Tags.CreatedOn" = "2023-07-28T11:05:28.745Z"
      })
      "display_name" = "Default Route Table for vcn_frankfurt_hub"
      "freeform_tags" = tomap({})
      "id" = "ocid1.routetable.oc1.eu-frankfurt-1.aaaaaaaaexampleocid"
      "network_configuration_category" = "shared"
      "route_rules" = tolist([])
      "route_table_key" = "DEFAULT_ROUTE_TABLE_FOR_VCN_FRANKFURT_HUB-KEY"
      "state" = "AVAILABLE"
      "time_created" = "2023-07-28 11:05:28.878 +0000 UTC"
      "vcn_id" = "ocid1.vcn.oc1.eu-frankfurt-1.aaaaaaaaexampleocid"
      "vcn_key" = "VCN-FRANKFURT-HUB-KEY"
      "vcn_name" = "vcn_frankfurt_hub"
    }
    "RT-01-HUB-VCN-KEY" = {
      "compartment_id" = "ocid1.compartment.oc1..aaaaaaaahlcakaexampleocid"
      "defined_tags" = tomap({
        "CCA_Basic_Tag.email" = "oracleidentitycloudservice/user@example.com"
        "Oracle_Tags.CreatedBy" = "oracleidentitycloudservice/user@example.com"
        "Oracle_Tags.CreatedOn" = "2023-07-28T11:06:27.696Z"
      })
      "display_name" = "rt_01_hub_vcn"
      "freeform_tags" = tomap({})
      "id" = "ocid1.routetable.oc1.eu-frankfurt-1.aaaaaaaaexampleocid"
      "network_configuration_category" = "shared"
      "route_rules" = toset([
        {
          "cidr_block" = ""
          "description" = "Route for IPSec VPN"
          "destination" = "148.20.57.8/29"
          "destination_type" = "CIDR_BLOCK"
          "network_entity_id" = "ocid1.drg.oc1.eu-frankfurt-1.aaaaaaaaexampleocid"
          "route_type" = ""
        },
        {
          "cidr_block" = ""
          "description" = "Route for internet access"
          "destination" = "0.0.0.0/0"
          "destination_type" = "CIDR_BLOCK"
          "network_entity_id" = "ocid1.internetgateway.oc1.eu-frankfurt-1.aaaaaaaaexampleocid"
          "route_type" = ""
        },
      ])
      "route_table_key" = "RT-01-HUB-VCN-KEY"
      "state" = "AVAILABLE"
      "time_created" = "2023-07-28 11:06:27.732 +0000 UTC"
      "timeouts" = null /* object */
      "vcn_id" = "ocid1.vcn.oc1.eu-frankfurt-1.aaaaaaaaexampleocid"
      "vcn_key" = "VCN-FRANKFURT-HUB-KEY"
      "vcn_name" = "vcn_frankfurt_hub"
    }
    "RT-02-HUB-VCN-KEY" = {
      "compartment_id" = "ocid1.compartment.oc1..aaaaaaaahlcakaexampleocid"
      "defined_tags" = tomap({
        "CCA_Basic_Tag.email" = "oracleidentitycloudservice/user@example.com"
        "Oracle_Tags.CreatedBy" = "oracleidentitycloudservice/user@example.com"
        "Oracle_Tags.CreatedOn" = "2023-07-28T11:06:27.624Z"
      })
      "display_name" = "rt_02_hub_vcn"
      "freeform_tags" = tomap({})
      "id" = "ocid1.routetable.oc1.eu-frankfurt-1.aaaaaaaaexampleocid"
      "network_configuration_category" = "shared"
      "route_rules" = toset([
        {
          "cidr_block" = ""
          "description" = "Route for sgw"
          "destination" = "oci-fra-objectstorage"
          "destination_type" = "SERVICE_CIDR_BLOCK"
          "network_entity_id" = "ocid1.servicegateway.oc1.eu-frankfurt-1.aaaaaaaaexampleocid"
          "route_type" = ""
        },
      ])
      "route_table_key" = "RT-02-HUB-VCN-KEY"
      "state" = "AVAILABLE"
      "time_created" = "2023-07-28 11:06:27.652 +0000 UTC"
      "timeouts" = null /* object */
      "vcn_id" = "ocid1.vcn.oc1.eu-frankfurt-1.aaaaaaaaexampleocid"
      "vcn_key" = "VCN-FRANKFURT-HUB-KEY"
      "vcn_name" = "vcn_frankfurt_hub"
    }
  }
  "route_tables_attachments" = {
    "SN-FRANKFURT-HUB-FW-EW-KEY" = {
      "id" = "ocid1.subnet.oc1.eu-frankfurt-1.aaaaaaaaexampleocid/ocid1.routetable.oc1.eu-frankfurt-1.aaaaaaaaexampleocid"
      "network_configuration_category" = "shared"
      "route_table_id" = "ocid1.routetable.oc1.eu-frankfurt-1.aaaaaaaaexampleocid"
      "route_table_key" = "RT-02-HUB-VCN-KEY"
      "route_table_name" = "rt_02_hub_vcn"
      "rta_key" = "SN-FRANKFURT-HUB-FW-EW-KEY"
      "subnet_id" = "ocid1.subnet.oc1.eu-frankfurt-1.aaaaaaaaexampleocid"
      "subnet_key" = "SN-FRANKFURT-HUB-FW-EW-KEY"
      "subnet_name" = "sn_frankfurt_hub_fw_ew"
      "timeouts" = null /* object */
      "vcn_key" = "VCN-FRANKFURT-HUB-KEY"
      "vcn_name" = "vcn_frankfurt_hub"
    }
    "SN-FRANKFURT-HUB-FW-LOGS-DNS" = {
      "id" = "ocid1.subnet.oc1.eu-frankfurt-1.aaaaaaaaexampleocid/ocid1.routetable.oc1.eu-frankfurt-1.aaaaaaaaexampleocid"
      "network_configuration_category" = "shared"
      "route_table_id" = "ocid1.routetable.oc1.eu-frankfurt-1.aaaaaaaaexampleocid"
      "route_table_key" = "RT-02-HUB-VCN-KEY"
      "route_table_name" = "rt_02_hub_vcn"
      "rta_key" = "SN-FRANKFURT-HUB-FW-LOGS-DNS"
      "subnet_id" = "ocid1.subnet.oc1.eu-frankfurt-1.aaaaaaaaexampleocid"
      "subnet_key" = "SN-FRANKFURT-HUB-FW-LOGS-DNS"
      "subnet_name" = "sn_frankfurt_hub_dns"
      "timeouts" = null /* object */
      "vcn_key" = "VCN-FRANKFURT-HUB-KEY"
      "vcn_name" = "vcn_frankfurt_hub"
    }
    "SN-FRANKFURT-HUB-FW-LOGS-KEY" = {
      "id" = "ocid1.subnet.oc1.eu-frankfurt-1.aaaaaaaaexampleocid/ocid1.routetable.oc1.eu-frankfurt-1.aaaaaaaaexampleocid"
      "network_configuration_category" = "shared"
      "route_table_id" = "ocid1.routetable.oc1.eu-frankfurt-1.aaaaaaaaexampleocid"
      "route_table_key" = "RT-02-HUB-VCN-KEY"
      "route_table_name" = "rt_02_hub_vcn"
      "rta_key" = "SN-FRANKFURT-HUB-FW-LOGS-KEY"
      "subnet_id" = "ocid1.subnet.oc1.eu-frankfurt-1.aaaaaaaaexampleocid"
      "subnet_key" = "SN-FRANKFURT-HUB-FW-LOGS-KEY"
      "subnet_name" = "sn_frankfurt_hub_logs"
      "timeouts" = null /* object */
      "vcn_key" = "VCN-FRANKFURT-HUB-KEY"
      "vcn_name" = "vcn_frankfurt_hub"
    }
    "SN-FRANKFURT-HUB-FW-MGMT-KEY" = {
      "id" = "ocid1.subnet.oc1.eu-frankfurt-1.aaaaaaaaexampleocid/ocid1.routetable.oc1.eu-frankfurt-1.aaaaaaaaexampleocid"
      "network_configuration_category" = "shared"
      "route_table_id" = "ocid1.routetable.oc1.eu-frankfurt-1.aaaaaaaaexampleocid"
      "route_table_key" = "RT-02-HUB-VCN-KEY"
      "route_table_name" = "rt_02_hub_vcn"
      "rta_key" = "SN-FRANKFURT-HUB-FW-MGMT-KEY"
      "subnet_id" = "ocid1.subnet.oc1.eu-frankfurt-1.aaaaaaaaexampleocid"
      "subnet_key" = "SN-FRANKFURT-HUB-FW-MGMT-KEY"
      "subnet_name" = "sn_frankfurt_hub_mgmt"
      "timeouts" = null /* object */
      "vcn_key" = "VCN-FRANKFURT-HUB-KEY"
      "vcn_name" = "vcn_frankfurt_hub"
    }
    "SN-FRANKFURT-HUB-FW-NS-KEY" = {
      "id" = "ocid1.subnet.oc1.eu-frankfurt-1.aaaaaaaaexampleocid/ocid1.routetable.oc1.eu-frankfurt-1.aaaaaaaaexampleocid"
      "network_configuration_category" = "shared"
      "route_table_id" = "ocid1.routetable.oc1.eu-frankfurt-1.aaaaaaaaexampleocid"
      "route_table_key" = "RT-02-HUB-VCN-KEY"
      "route_table_name" = "rt_02_hub_vcn"
      "rta_key" = "SN-FRANKFURT-HUB-FW-NS-KEY"
      "subnet_id" = "ocid1.subnet.oc1.eu-frankfurt-1.aaaaaaaaexampleocid"
      "subnet_key" = "SN-FRANKFURT-HUB-FW-NS-KEY"
      "subnet_name" = "sn_frankfurt_hub_fw_ns"
      "timeouts" = null /* object */
      "vcn_key" = "VCN-FRANKFURT-HUB-KEY"
      "vcn_name" = "vcn_frankfurt_hub"
    }
    "SN-FRANKFURT-HUB-LB-KEY" = {
      "id" = "ocid1.subnet.oc1.eu-frankfurt-1.aaaaaaaaexampleocid/ocid1.routetable.oc1.eu-frankfurt-1.aaaaaaaaexampleocid"
      "network_configuration_category" = "shared"
      "route_table_id" = "ocid1.routetable.oc1.eu-frankfurt-1.aaaaaaaaexampleocid"
      "route_table_key" = "RT-01-HUB-VCN-KEY"
      "route_table_name" = "rt_01_hub_vcn"
      "rta_key" = "SN-FRANKFURT-HUB-LB-KEY"
      "subnet_id" = "ocid1.subnet.oc1.eu-frankfurt-1.aaaaaaaaexampleocid"
      "subnet_key" = "SN-FRANKFURT-HUB-LB-KEY"
      "subnet_name" = "sn_frankfurt_hub_lb"
      "timeouts" = null /* object */
      "vcn_key" = "VCN-FRANKFURT-HUB-KEY"
      "vcn_name" = "vcn_frankfurt_hub"
    }
  }
  "security_lists" = {
    "SECLIST-01-HUB-VCN-KEY" = {
      "compartment_id" = "ocid1.compartment.oc1..aaaaaaaahlcakaexampleocid"
      "defined_tags" = tomap({
        "CCA_Basic_Tag.email" = "oracleidentitycloudservice/user@example.com"
        "Oracle_Tags.CreatedBy" = "oracleidentitycloudservice/user@example.com"
        "Oracle_Tags.CreatedOn" = "2023-07-28T11:05:29.871Z"
      })
      "display_name" = "seclist_01_hub_vcn"
      "egress_security_rules" = toset([
        {
          "description" = "egress to 0.0.0.0/0 over ALL protocols"
          "destination" = "0.0.0.0/0"
          "destination_type" = "CIDR_BLOCK"
          "icmp_options" = tolist([])
          "protocol" = "all"
          "stateless" = false
          "tcp_options" = tolist([])
          "udp_options" = tolist([])
        },
        {
          "description" = "egress to 0.0.0.0/0 over any protocol"
          "destination" = "0.0.0.0/0"
          "destination_type" = "CIDR_BLOCK"
          "icmp_options" = tolist([])
          "protocol" = "all"
          "stateless" = false
          "tcp_options" = tolist([])
          "udp_options" = tolist([])
        },
      ])
      "freeform_tags" = tomap({})
      "id" = "ocid1.securitylist.oc1.eu-frankfurt-1.aaaaaaaaexampleocid"
      "ingress_security_rules" = toset([
        {
          "description" = "ingress from 0.0.0.0/0 over TCP22"
          "icmp_options" = tolist([])
          "protocol" = "6"
          "source" = "0.0.0.0/0"
          "source_type" = "CIDR_BLOCK"
          "stateless" = false
          "tcp_options" = tolist([
            {
              "max" = 22
              "min" = 22
              "source_port_range" = tolist([])
            },
          ])
          "udp_options" = tolist([])
        },
      ])
      "network_configuration_category" = "shared"
      "sec_list_key" = "SECLIST-01-HUB-VCN-KEY"
      "state" = "AVAILABLE"
      "time_created" = "2023-07-28 11:05:29.907 +0000 UTC"
      "timeouts" = null /* object */
      "vcn_id" = "ocid1.vcn.oc1.eu-frankfurt-1.aaaaaaaaexampleocid"
      "vcn_key" = "VCN-FRANKFURT-HUB-KEY"
      "vcn_name" = "vcn_frankfurt_hub"
    }
    "SECLIST-02-HUB-VCN-KEY" = {
      "compartment_id" = "ocid1.compartment.oc1..aaaaaaaahlcakaexampleocid"
      "defined_tags" = tomap({
        "CCA_Basic_Tag.email" = "oracleidentitycloudservice/user@example.com"
        "Oracle_Tags.CreatedBy" = "oracleidentitycloudservice/user@example.com"
        "Oracle_Tags.CreatedOn" = "2023-07-28T11:05:29.882Z"
      })
      "display_name" = "seclist_02_hub_vcn"
      "egress_security_rules" = toset([
        {
          "description" = "egress to 0.0.0.0/0 over TCP"
          "destination" = "0.0.0.0/0"
          "destination_type" = "CIDR_BLOCK"
          "icmp_options" = tolist([])
          "protocol" = "6"
          "stateless" = false
          "tcp_options" = tolist([])
          "udp_options" = tolist([])
        },
      ])
      "freeform_tags" = tomap({})
      "id" = "ocid1.securitylist.oc1.eu-frankfurt-1.aaaaaaaaexampleocid"
      "ingress_security_rules" = toset([
        {
          "description" = "ingress from 0.0.0.0/0 over HTTP8080"
          "icmp_options" = tolist([])
          "protocol" = "6"
          "source" = "0.0.0.0/0"
          "source_type" = "CIDR_BLOCK"
          "stateless" = false
          "tcp_options" = tolist([
            {
              "max" = 80
              "min" = 80
              "source_port_range" = tolist([])
            },
          ])
          "udp_options" = tolist([])
        },
        {
          "description" = "ingress from 0.0.0.0/0 over TCP22"
          "icmp_options" = tolist([])
          "protocol" = "6"
          "source" = "0.0.0.0/0"
          "source_type" = "CIDR_BLOCK"
          "stateless" = false
          "tcp_options" = tolist([])
          "udp_options" = tolist([])
        },
      ])
      "network_configuration_category" = "shared"
      "sec_list_key" = "SECLIST-02-HUB-VCN-KEY"
      "state" = "AVAILABLE"
      "time_created" = "2023-07-28 11:05:29.943 +0000 UTC"
      "timeouts" = null /* object */
      "vcn_id" = "ocid1.vcn.oc1.eu-frankfurt-1.aaaaaaaaexampleocid"
      "vcn_key" = "VCN-FRANKFURT-HUB-KEY"
      "vcn_name" = "vcn_frankfurt_hub"
    }
  }
  "service_gateways" = {
    "SG-FRANKFURT-HUB-KEY" = {
      "block_traffic" = false
      "compartment_id" = "ocid1.compartment.oc1..aaaaaaaahlcakaexampleocid"
      "defined_tags" = tomap({
        "CCA_Basic_Tag.email" = "oracleidentitycloudservice/user@example.com"
        "Oracle_Tags.CreatedBy" = "oracleidentitycloudservice/user@example.com"
        "Oracle_Tags.CreatedOn" = "2023-07-28T11:05:44.348Z"
      })
      "display_name" = "sg_frankfurt_hub"
      "freeform_tags" = tomap({})
      "id" = "ocid1.servicegateway.oc1.eu-frankfurt-1.aaaaaaaaexampleocid"
      "network_configuration_category" = "shared"
      "route_table_id" = tostring(null)
      "route_table_key" = tostring(null)
      "route_table_name" = null
      "services" = toset([
        {
          "service_id" = "ocid1.service.oc1.eu-frankfurt-1.aaaaaaaaexampleocid"
          "service_name" = "OCI FRA Object Storage"
        },
      ])
      "sgw-key" = "SG-FRANKFURT-HUB-KEY"
      "state" = "AVAILABLE"
      "time_created" = "2023-07-28 11:05:44.824 +0000 UTC"
      "timeouts" = null /* object */
      "vcn_id" = "ocid1.vcn.oc1.eu-frankfurt-1.aaaaaaaaexampleocid"
      "vcn_key" = "VCN-FRANKFURT-HUB-KEY"
      "vcn_name" = "vcn_frankfurt_hub"
    }
  }
  "subnets" = {
    "SN-FRANKFURT-HUB-FW-EW-KEY" = {
      "availability_domain" = tostring(null)
      "cidr_block" = "192.168.2.0/24"
      "compartment_id" = "ocid1.compartment.oc1..aaaaaaaahlcakaexampleocid"
      "defined_tags" = tomap({
        "CCA_Basic_Tag.email" = "oracleidentitycloudservice/user@example.com"
        "Oracle_Tags.CreatedBy" = "oracleidentitycloudservice/user@example.com"
        "Oracle_Tags.CreatedOn" = "2023-07-28T11:05:31.089Z"
      })
      "dhcp_options_id" = "ocid1.dhcpoptions.oc1.eu-frankfurt-1.aaaaaaaaexampleocid"
      "dhcp_options_key" = "default_dhcp_options"
      "dhcp_options_name" = "default_dhcp_options"
      "display_name" = "sn_frankfurt_hub_fw_ew"
      "dns_label" = "hubfwew"
      "freeform_tags" = tomap({})
      "id" = "ocid1.subnet.oc1.eu-frankfurt-1.aaaaaaaaexampleocid"
      "ipv6cidr_block" = tostring(null)
      "ipv6cidr_blocks" = tolist([])
      "ipv6virtual_router_ip" = tostring(null)
      "network_configuration_category" = "shared"
      "prohibit_internet_ingress" = true
      "prohibit_public_ip_on_vnic" = true
      "route_table_id" = "ocid1.routetable.oc1.eu-frankfurt-1.aaaaaaaaexampleocid"
      "route_table_key" = "RT-02-HUB-VCN-KEY"
      "route_table_name" = "rt_02_hub_vcn"
      "security_lists" = {
        "ocid1.securitylist.oc1.eu-frankfurt-1.aaaaaaaaexampleocid" = {
          "display_name" = "seclist_02_hub_vcn"
          "sec_list_key" = "SECLIST-02-HUB-VCN-KEY"
        }
      }
      "state" = "AVAILABLE"
      "subnet_domain_name" = "hubfwew.hub.oraclevcn.com"
      "subnet_key" = "SN-FRANKFURT-HUB-FW-EW-KEY"
      "time_created" = "2023-07-28 11:05:32.668 +0000 UTC"
      "timeouts" = null /* object */
      "vcn_id" = "ocid1.vcn.oc1.eu-frankfurt-1.aaaaaaaaexampleocid"
      "vcn_key" = "VCN-FRANKFURT-HUB-KEY"
      "vcn_name" = "vcn_frankfurt_hub"
      "virtual_router_ip" = "192.168.2.1"
      "virtual_router_mac" = "00:00:17:A2:DC:4E"
    }
    "SN-FRANKFURT-HUB-FW-LOGS-DNS" = {
      "availability_domain" = tostring(null)
      "cidr_block" = "192.168.5.0/24"
      "compartment_id" = "ocid1.compartment.oc1..aaaaaaaahlcakaexampleocid"
      "defined_tags" = tomap({
        "CCA_Basic_Tag.email" = "oracleidentitycloudservice/user@example.com"
        "Oracle_Tags.CreatedBy" = "oracleidentitycloudservice/user@example.com"
        "Oracle_Tags.CreatedOn" = "2023-07-28T11:05:30.880Z"
      })
      "dhcp_options_id" = "ocid1.dhcpoptions.oc1.eu-frankfurt-1.aaaaaaaaexampleocid"
      "dhcp_options_key" = "default_dhcp_options"
      "dhcp_options_name" = "default_dhcp_options"
      "display_name" = "sn_frankfurt_hub_dns"
      "dns_label" = "hubdns"
      "freeform_tags" = tomap({})
      "id" = "ocid1.subnet.oc1.eu-frankfurt-1.aaaaaaaaexampleocid"
      "ipv6cidr_block" = tostring(null)
      "ipv6cidr_blocks" = tolist([])
      "ipv6virtual_router_ip" = tostring(null)
      "network_configuration_category" = "shared"
      "prohibit_internet_ingress" = true
      "prohibit_public_ip_on_vnic" = true
      "route_table_id" = "ocid1.routetable.oc1.eu-frankfurt-1.aaaaaaaaexampleocid"
      "route_table_key" = "RT-02-HUB-VCN-KEY"
      "route_table_name" = "rt_02_hub_vcn"
      "security_lists" = {
        "ocid1.securitylist.oc1.eu-frankfurt-1.aaaaaaaaexampleocid" = {
          "display_name" = "seclist_02_hub_vcn"
          "sec_list_key" = "SECLIST-02-HUB-VCN-KEY"
        }
      }
      "state" = "AVAILABLE"
      "subnet_domain_name" = "hubdns.hub.oraclevcn.com"
      "subnet_key" = "SN-FRANKFURT-HUB-FW-LOGS-DNS"
      "time_created" = "2023-07-28 11:05:32.416 +0000 UTC"
      "timeouts" = null /* object */
      "vcn_id" = "ocid1.vcn.oc1.eu-frankfurt-1.aaaaaaaaexampleocid"
      "vcn_key" = "VCN-FRANKFURT-HUB-KEY"
      "vcn_name" = "vcn_frankfurt_hub"
      "virtual_router_ip" = "192.168.5.1"
      "virtual_router_mac" = "00:00:17:A2:DC:4E"
    }
    "SN-FRANKFURT-HUB-FW-LOGS-KEY" = {
      "availability_domain" = tostring(null)
      "cidr_block" = "192.168.4.0/24"
      "compartment_id" = "ocid1.compartment.oc1..aaaaaaaahlcakaexampleocid"
      "defined_tags" = tomap({
        "CCA_Basic_Tag.email" = "oracleidentitycloudservice/user@example.com"
        "Oracle_Tags.CreatedBy" = "oracleidentitycloudservice/user@example.com"
        "Oracle_Tags.CreatedOn" = "2023-07-28T11:05:30.829Z"
      })
      "dhcp_options_id" = "ocid1.dhcpoptions.oc1.eu-frankfurt-1.aaaaaaaaexampleocid"
      "dhcp_options_key" = "default_dhcp_options"
      "dhcp_options_name" = "default_dhcp_options"
      "display_name" = "sn_frankfurt_hub_logs"
      "dns_label" = "hublogs"
      "freeform_tags" = tomap({})
      "id" = "ocid1.subnet.oc1.eu-frankfurt-1.aaaaaaaaexampleocid"
      "ipv6cidr_block" = tostring(null)
      "ipv6cidr_blocks" = tolist([])
      "ipv6virtual_router_ip" = tostring(null)
      "network_configuration_category" = "shared"
      "prohibit_internet_ingress" = true
      "prohibit_public_ip_on_vnic" = true
      "route_table_id" = "ocid1.routetable.oc1.eu-frankfurt-1.aaaaaaaaexampleocid"
      "route_table_key" = "RT-02-HUB-VCN-KEY"
      "route_table_name" = "rt_02_hub_vcn"
      "security_lists" = {
        "ocid1.securitylist.oc1.eu-frankfurt-1.aaaaaaaaexampleocid" = {
          "display_name" = "seclist_02_hub_vcn"
          "sec_list_key" = "SECLIST-02-HUB-VCN-KEY"
        }
      }
      "state" = "AVAILABLE"
      "subnet_domain_name" = "hublogs.hub.oraclevcn.com"
      "subnet_key" = "SN-FRANKFURT-HUB-FW-LOGS-KEY"
      "time_created" = "2023-07-28 11:05:30.905 +0000 UTC"
      "timeouts" = null /* object */
      "vcn_id" = "ocid1.vcn.oc1.eu-frankfurt-1.aaaaaaaaexampleocid"
      "vcn_key" = "VCN-FRANKFURT-HUB-KEY"
      "vcn_name" = "vcn_frankfurt_hub"
      "virtual_router_ip" = "192.168.4.1"
      "virtual_router_mac" = "00:00:17:A2:DC:4E"
    }
    "SN-FRANKFURT-HUB-FW-MGMT-KEY" = {
      "availability_domain" = tostring(null)
      "cidr_block" = "192.168.3.0/24"
      "compartment_id" = "ocid1.compartment.oc1..aaaaaaaahlcakaexampleocid"
      "defined_tags" = tomap({
        "CCA_Basic_Tag.email" = "oracleidentitycloudservice/user@example.com"
        "Oracle_Tags.CreatedBy" = "oracleidentitycloudservice/user@example.com"
        "Oracle_Tags.CreatedOn" = "2023-07-28T11:05:31.161Z"
      })
      "dhcp_options_id" = "ocid1.dhcpoptions.oc1.eu-frankfurt-1.aaaaaaaaexampleocid"
      "dhcp_options_key" = "default_dhcp_options"
      "dhcp_options_name" = "default_dhcp_options"
      "display_name" = "sn_frankfurt_hub_mgmt"
      "dns_label" = "hubmgmt"
      "freeform_tags" = tomap({})
      "id" = "ocid1.subnet.oc1.eu-frankfurt-1.aaaaaaaaexampleocid"
      "ipv6cidr_block" = tostring(null)
      "ipv6cidr_blocks" = tolist([])
      "ipv6virtual_router_ip" = tostring(null)
      "network_configuration_category" = "shared"
      "prohibit_internet_ingress" = true
      "prohibit_public_ip_on_vnic" = true
      "route_table_id" = "ocid1.routetable.oc1.eu-frankfurt-1.aaaaaaaaexampleocid"
      "route_table_key" = "RT-02-HUB-VCN-KEY"
      "route_table_name" = "rt_02_hub_vcn"
      "security_lists" = {
        "ocid1.securitylist.oc1.eu-frankfurt-1.aaaaaaaaexampleocid" = {
          "display_name" = "seclist_02_hub_vcn"
          "sec_list_key" = "SECLIST-02-HUB-VCN-KEY"
        }
      }
      "state" = "AVAILABLE"
      "subnet_domain_name" = "hubmgmt.hub.oraclevcn.com"
      "subnet_key" = "SN-FRANKFURT-HUB-FW-MGMT-KEY"
      "time_created" = "2023-07-28 11:05:31.558 +0000 UTC"
      "timeouts" = null /* object */
      "vcn_id" = "ocid1.vcn.oc1.eu-frankfurt-1.aaaaaaaaexampleocid"
      "vcn_key" = "VCN-FRANKFURT-HUB-KEY"
      "vcn_name" = "vcn_frankfurt_hub"
      "virtual_router_ip" = "192.168.3.1"
      "virtual_router_mac" = "00:00:17:A2:DC:4E"
    }
    "SN-FRANKFURT-HUB-FW-NS-KEY" = {
      "availability_domain" = tostring(null)
      "cidr_block" = "192.168.1.0/24"
      "compartment_id" = "ocid1.compartment.oc1..aaaaaaaahlcakaexampleocid"
      "defined_tags" = tomap({
        "CCA_Basic_Tag.email" = "oracleidentitycloudservice/user@example.com"
        "Oracle_Tags.CreatedBy" = "oracleidentitycloudservice/user@example.com"
        "Oracle_Tags.CreatedOn" = "2023-07-28T11:05:30.880Z"
      })
      "dhcp_options_id" = "ocid1.dhcpoptions.oc1.eu-frankfurt-1.aaaaaaaaexampleocid"
      "dhcp_options_key" = "default_dhcp_options"
      "dhcp_options_name" = "default_dhcp_options"
      "display_name" = "sn_frankfurt_hub_fw_ns"
      "dns_label" = "hubfwns"
      "freeform_tags" = tomap({})
      "id" = "ocid1.subnet.oc1.eu-frankfurt-1.aaaaaaaaexampleocid"
      "ipv6cidr_block" = tostring(null)
      "ipv6cidr_blocks" = tolist([])
      "ipv6virtual_router_ip" = tostring(null)
      "network_configuration_category" = "shared"
      "prohibit_internet_ingress" = true
      "prohibit_public_ip_on_vnic" = true
      "route_table_id" = "ocid1.routetable.oc1.eu-frankfurt-1.aaaaaaaaexampleocid"
      "route_table_key" = "RT-02-HUB-VCN-KEY"
      "route_table_name" = "rt_02_hub_vcn"
      "security_lists" = {
        "ocid1.securitylist.oc1.eu-frankfurt-1.aaaaaaaaexampleocid" = {
          "display_name" = "seclist_02_hub_vcn"
          "sec_list_key" = "SECLIST-02-HUB-VCN-KEY"
        }
      }
      "state" = "AVAILABLE"
      "subnet_domain_name" = "hubfwns.hub.oraclevcn.com"
      "subnet_key" = "SN-FRANKFURT-HUB-FW-NS-KEY"
      "time_created" = "2023-07-28 11:05:31.977 +0000 UTC"
      "timeouts" = null /* object */
      "vcn_id" = "ocid1.vcn.oc1.eu-frankfurt-1.aaaaaaaaexampleocid"
      "vcn_key" = "VCN-FRANKFURT-HUB-KEY"
      "vcn_name" = "vcn_frankfurt_hub"
      "virtual_router_ip" = "192.168.1.1"
      "virtual_router_mac" = "00:00:17:A2:DC:4E"
    }
    "SN-FRANKFURT-HUB-LB-KEY" = {
      "availability_domain" = tostring(null)
      "cidr_block" = "10.0.0.0/24"
      "compartment_id" = "ocid1.compartment.oc1..aaaaaaaahlcakaexampleocid"
      "defined_tags" = tomap({
        "CCA_Basic_Tag.email" = "oracleidentitycloudservice/user@example.com"
        "Oracle_Tags.CreatedBy" = "oracleidentitycloudservice/user@example.com"
        "Oracle_Tags.CreatedOn" = "2023-07-28T11:05:30.883Z"
      })
      "dhcp_options_id" = "ocid1.dhcpoptions.oc1.eu-frankfurt-1.aaaaaaaaexampleocid"
      "dhcp_options_key" = "default_dhcp_options"
      "dhcp_options_name" = "default_dhcp_options"
      "display_name" = "sn_frankfurt_hub_lb"
      "dns_label" = "hublb"
      "freeform_tags" = tomap({})
      "id" = "ocid1.subnet.oc1.eu-frankfurt-1.aaaaaaaaexampleocid"
      "ipv6cidr_block" = tostring(null)
      "ipv6cidr_blocks" = tolist([])
      "ipv6virtual_router_ip" = tostring(null)
      "network_configuration_category" = "shared"
      "prohibit_internet_ingress" = false
      "prohibit_public_ip_on_vnic" = false
      "route_table_id" = "ocid1.routetable.oc1.eu-frankfurt-1.aaaaaaaaexampleocid"
      "route_table_key" = "RT-01-HUB-VCN-KEY"
      "route_table_name" = "rt_01_hub_vcn"
      "security_lists" = {
        "ocid1.securitylist.oc1.eu-frankfurt-1.aaaaaaaaexampleocid" = {
          "display_name" = "seclist_01_hub_vcn"
          "sec_list_key" = "SECLIST-01-HUB-VCN-KEY"
        }
      }
      "state" = "AVAILABLE"
      "subnet_domain_name" = "hublb.hub.oraclevcn.com"
      "subnet_key" = "SN-FRANKFURT-HUB-LB-KEY"
      "time_created" = "2023-07-28 11:05:31.2 +0000 UTC"
      "timeouts" = null /* object */
      "vcn_id" = "ocid1.vcn.oc1.eu-frankfurt-1.aaaaaaaaexampleocid"
      "vcn_key" = "VCN-FRANKFURT-HUB-KEY"
      "vcn_name" = "vcn_frankfurt_hub"
      "virtual_router_ip" = "10.0.0.1"
      "virtual_router_mac" = "00:00:17:A2:DC:4E"
    }
  }
  "vcns" = {
    "VCN-FRANKFURT-HUB-KEY" = {
      "byoipv6cidr_blocks" = tolist([])
      "byoipv6cidr_details" = tolist(null) /* of object */
      "cidr_block" = "10.0.0.0/18"
      "cidr_blocks" = tolist([
        "10.0.0.0/18",
        "192.168.0.0/18",
      ])
      "compartment_id" = "ocid1.compartment.oc1..aaaaaaaahlcakaexampleocid"
      "default_dhcp_options_id" = "ocid1.dhcpoptions.oc1.eu-frankfurt-1.aaaaaaaaexampleocid"
      "default_route_table_id" = "ocid1.routetable.oc1.eu-frankfurt-1.aaaaaaaaexampleocid"
      "default_security_list_id" = "ocid1.securitylist.oc1.eu-frankfurt-1.aaaaaaaaexampleocid"
      "defined_tags" = tomap({
        "CCA_Basic_Tag.email" = "oracleidentitycloudservice/user@example.com"
        "Oracle_Tags.CreatedBy" = "oracleidentitycloudservice/user@example.com"
        "Oracle_Tags.CreatedOn" = "2023-07-28T11:05:28.745Z"
      })
      "display_name" = "vcn_frankfurt_hub"
      "dns_label" = "hub"
      "freeform_tags" = tomap({})
      "id" = "ocid1.vcn.oc1.eu-frankfurt-1.aaaaaaaaexampleocid"
      "ipv6cidr_blocks" = tolist([])
      "ipv6private_cidr_blocks" = tolist([])
      "is_ipv6enabled" = false
      "is_oracle_gua_allocation_enabled" = tobool(null)
      "network_configuration_category" = "shared"
      "state" = "AVAILABLE"
      "time_created" = "2023-07-28 11:05:28.878 +0000 UTC"
      "timeouts" = null /* object */
      "vcn_domain_name" = "hub.oraclevcn.com"
      "vcn_key" = "VCN-FRANKFURT-HUB-KEY"
    }
  }
}
