USER@USER-mac orchestrator % terraform init
Initializing modules...
Downloading git::ssh://git@github.com/oracle-quickstart/terraform-oci-cis-landing-zone-iam.git?ref=v0.1.3 for cislz_compartments...
- cislz_compartments in .terraform/modules/cislz_compartments/compartments
Downloading git::ssh://git@github.com/oracle-quickstart/terraform-oci-cis-landing-zone-iam.git?ref=v0.1.3 for cislz_dynamic_groups...
- cislz_dynamic_groups in .terraform/modules/cislz_dynamic_groups/dynamic-groups
Downloading git::ssh://git@github.com/oracle-quickstart/terraform-oci-cis-landing-zone-iam.git?ref=v0.1.3 for cislz_groups...
- cislz_groups in .terraform/modules/cislz_groups/groups
Downloading git::ssh://git@github.com/oracle-quickstart/terraform-oci-cis-landing-zone-iam.git?ref=v0.1.3 for cislz_policies...
- cislz_policies in .terraform/modules/cislz_policies/policies
Downloading git::ssh://git@github.com/oracle-quickstart/terraform-oci-cis-landing-zone-networking.git?ref=v0.5.3 for terraform-oci-cis-landing-zone-network...
- terraform-oci-cis-landing-zone-network in .terraform/modules/terraform-oci-cis-landing-zone-network
- terraform-oci-cis-landing-zone-network.l7_load_balancers in .terraform/modules/terraform-oci-cis-landing-zone-network/modules/l7_load_balancers

Initializing the backend...

Initializing provider plugins...
- Reusing previous version of oracle/oci from the dependency lock file
- Installing oracle/oci v5.5.0...
- Installed oracle/oci v5.5.0 (signed by a HashiCorp partner, key ID 1533A49284137CEB)

Partner and community providers are signed by their developers.
If you'd like to know more about provider signing, you can read about it here:
https://www.terraform.io/docs/cli/plugins/signing.html

╷
│ Warning: Experimental feature "module_variable_optional_attrs" is active
│ 
│   on provider.tf line 20, in terraform:
│   20:   experiments = [module_variable_optional_attrs]
│ 
│ Experimental features are subject to breaking changes in future minor or patch releases, based on feedback.
│ 
│ If you have feedback on the design of this feature, please open a GitHub issue to discuss it.
│ 
│ (and 6 more similar warnings elsewhere)
╵

Terraform has been successfully initialized!

You may now begin working with Terraform. Try running "terraform plan" to see
any changes that are required for your infrastructure. All Terraform commands
should now work.

If you ever set or change modules or backend configuration for Terraform,
rerun this command to reinitialize your working directory. If you forget, other
commands will detect it and remind you to do so if necessary.
